# JRE version: OpenJDK Runtime Environment (8.0_76-b03) (build 1.8.0_76-release-b03)
# Java VM: OpenJDK 64-Bit Server VM (25.76-b03 mixed mode windows-amd64 compressed oops)
Heap:
 PSYoungGen      total 471040K, used 199383K [0x00000000e0000000, 0x0000000100000000, 0x0000000100000000)
  eden space 425472K, 46% used [0x00000000e0000000,0x00000000ec2b5d70,0x00000000f9f80000)
  from space 45568K, 0% used [0x00000000f9f80000,0x00000000f9f80000,0x00000000fcc00000)
  to   space 46080K, 0% used [0x00000000fd300000,0x00000000fd300000,0x0000000100000000)
 ParOldGen       total 163328K, used 31718K [0x00000000a0000000, 0x00000000a9f80000, 0x00000000e0000000)
  object space 163328K, 19% used [0x00000000a0000000,0x00000000a1ef9bd8,0x00000000a9f80000)
 Metaspace       used 66634K, capacity 68330K, committed 69936K, reserved 1110016K
  class space    used 8509K, capacity 8844K, committed 9264K, reserved 1048576K
GC Heap History (10 events):
Event: 3379.454 GC heap before
{Heap before GC invocations=22 (full 4):
 PSYoungGen      total 273408K, used 263854K [0x00000000e0000000, 0x00000000f9c00000, 0x0000000100000000)
  eden space 239104K, 100% used [0x00000000e0000000,0x00000000ee980000,0x00000000ee980000)
  from space 34304K, 72% used [0x00000000ee980000,0x00000000f01ab8a8,0x00000000f0b00000)
  to   space 35840K, 0% used [0x00000000f7900000,0x00000000f7900000,0x00000000f9c00000)
 ParOldGen       total 163328K, used 72161K [0x00000000a0000000, 0x00000000a9f80000, 0x00000000e0000000)
  object space 163328K, 44% used [0x00000000a0000000,0x00000000a46784c0,0x00000000a9f80000)
 Metaspace       used 63668K, capacity 65118K, committed 68272K, reserved 1107968K
  class space    used 8135K, capacity 8390K, committed 9136K, reserved 1048576K
Event: 3379.553 GC heap after
Heap after GC invocations=22 (full 4):
 PSYoungGen      total 334848K, used 17840K [0x00000000e0000000, 0x00000000f8a80000, 0x0000000100000000)
  eden space 316928K, 0% used [0x00000000e0000000,0x00000000e0000000,0x00000000f3580000)
  from space 17920K, 99% used [0x00000000f7900000,0x00000000f8a6c090,0x00000000f8a80000)
  to   space 34816K, 0% used [0x00000000f4680000,0x00000000f4680000,0x00000000f6880000)
 ParOldGen       total 163328K, used 86084K [0x00000000a0000000, 0x00000000a9f80000, 0x00000000e0000000)
  object space 163328K, 52% used [0x00000000a0000000,0x00000000a54110a8,0x00000000a9f80000)
 Metaspace       used 63668K, capacity 65118K, committed 68272K, reserved 1107968K
  class space    used 8135K, capacity 8390K, committed 9136K, reserved 1048576K
}
Event: 3380.847 GC heap before
{Heap before GC invocations=23 (full 4):
 PSYoungGen      total 334848K, used 334768K [0x00000000e0000000, 0x00000000f8a80000, 0x0000000100000000)
  eden space 316928K, 100% used [0x00000000e0000000,0x00000000f3580000,0x00000000f3580000)
  from space 17920K, 99% used [0x00000000f7900000,0x00000000f8a6c090,0x00000000f8a80000)
  to   space 34816K, 0% used [0x00000000f4680000,0x00000000f4680000,0x00000000f6880000)
 ParOldGen       total 163328K, used 86084K [0x00000000a0000000, 0x00000000a9f80000, 0x00000000e0000000)
  object space 163328K, 52% used [0x00000000a0000000,0x00000000a54110a8,0x00000000a9f80000)
 Metaspace       used 63697K, capacity 65182K, committed 68272K, reserved 1107968K
  class space    used 8135K, capacity 8390K, committed 9136K, reserved 1048576K
Event: 3380.967 GC heap after
Heap after GC invocations=23 (full 4):
 PSYoungGen      total 369152K, used 34786K [0x00000000e0000000, 0x00000000ffa00000, 0x0000000100000000)
  eden space 334336K, 0% used [0x00000000e0000000,0x00000000e0000000,0x00000000f4680000)
  from space 34816K, 99% used [0x00000000f4680000,0x00000000f6878810,0x00000000f6880000)
  to   space 47104K, 0% used [0x00000000fcc00000,0x00000000fcc00000,0x00000000ffa00000)
 ParOldGen       total 163328K, used 105333K [0x00000000a0000000, 0x00000000a9f80000, 0x00000000e0000000)
  object space 163328K, 64% used [0x00000000a0000000,0x00000000a66dd5a0,0x00000000a9f80000)
 Metaspace       used 63697K, capacity 65182K, committed 68272K, reserved 1107968K
  class space    used 8135K, capacity 8390K, committed 9136K, reserved 1048576K
}
Event: 3386.051 GC heap before
{Heap before GC invocations=24 (full 4):
 PSYoungGen      total 369152K, used 368374K [0x00000000e0000000, 0x00000000ffa00000, 0x0000000100000000)
  eden space 334336K, 99% used [0x00000000e0000000,0x00000000f45c51e0,0x00000000f4680000)
  from space 34816K, 99% used [0x00000000f4680000,0x00000000f6878810,0x00000000f6880000)
  to   space 47104K, 0% used [0x00000000fcc00000,0x00000000fcc00000,0x00000000ffa00000)
 ParOldGen       total 163328K, used 105333K [0x00000000a0000000, 0x00000000a9f80000, 0x00000000e0000000)
  object space 163328K, 64% used [0x00000000a0000000,0x00000000a66dd5a0,0x00000000a9f80000)
 Metaspace       used 66042K, capacity 67644K, committed 69680K, reserved 1110016K
  class space    used 8452K, capacity 8785K, committed 9264K, reserved 1048576K
Event: 3386.506 GC heap after
Heap after GC invocations=24 (full 4):
 PSYoungGen      total 472576K, used 22881K [0x00000000e0000000, 0x0000000100000000, 0x0000000100000000)
  eden space 425472K, 0% used [0x00000000e0000000,0x00000000e0000000,0x00000000f9f80000)
  from space 47104K, 48% used [0x00000000fcc00000,0x00000000fe2586e0,0x00000000ffa00000)
  to   space 45568K, 0% used [0x00000000f9f80000,0x00000000f9f80000,0x00000000fcc00000)
 ParOldGen       total 163328K, used 124396K [0x00000000a0000000, 0x00000000a9f80000, 0x00000000e0000000)
  object space 163328K, 76% used [0x00000000a0000000,0x00000000a797b188,0x00000000a9f80000)
 Metaspace       used 66042K, capacity 67644K, committed 69680K, reserved 1110016K
  class space    used 8452K, capacity 8785K, committed 9264K, reserved 1048576K
}
Event: 3387.068 GC heap before
{Heap before GC invocations=25 (full 4):
 PSYoungGen      total 472576K, used 365077K [0x00000000e0000000, 0x0000000100000000, 0x0000000100000000)
  eden space 425472K, 80% used [0x00000000e0000000,0x00000000f4e2ce58,0x00000000f9f80000)
  from space 47104K, 48% used [0x00000000fcc00000,0x00000000fe2586e0,0x00000000ffa00000)
  to   space 45568K, 0% used [0x00000000f9f80000,0x00000000f9f80000,0x00000000fcc00000)
 ParOldGen       total 163328K, used 124396K [0x00000000a0000000, 0x00000000a9f80000, 0x00000000e0000000)
  object space 163328K, 76% used [0x00000000a0000000,0x00000000a797b188,0x00000000a9f80000)
 Metaspace       used 66185K, capacity 67850K, committed 69680K, reserved 1110016K
  class space    used 8472K, capacity 8800K, committed 9264K, reserved 1048576K
Event: 3387.101 GC heap after
Heap after GC invocations=25 (full 4):
 PSYoungGen      total 471040K, used 160K [0x00000000e0000000, 0x0000000100000000, 0x0000000100000000)
  eden space 425472K, 0% used [0x00000000e0000000,0x00000000e0000000,0x00000000f9f80000)
  from space 45568K, 0% used [0x00000000f9f80000,0x00000000f9fa8000,0x00000000fcc00000)
  to   space 46080K, 0% used [0x00000000fd300000,0x00000000fd300000,0x0000000100000000)
 ParOldGen       total 163328K, used 140753K [0x00000000a0000000, 0x00000000a9f80000, 0x00000000e0000000)
  object space 163328K, 86% used [0x00000000a0000000,0x00000000a8974760,0x00000000a9f80000)
 Metaspace       used 66185K, capacity 67850K, committed 69680K, reserved 1110016K
  class space    used 8472K, capacity 8800K, committed 9264K, reserved 1048576K
}
Event: 3387.101 GC heap before
{Heap before GC invocations=26 (full 5):
 PSYoungGen      total 471040K, used 160K [0x00000000e0000000, 0x0000000100000000, 0x0000000100000000)
  eden space 425472K, 0% used [0x00000000e0000000,0x00000000e0000000,0x00000000f9f80000)
  from space 45568K, 0% used [0x00000000f9f80000,0x00000000f9fa8000,0x00000000fcc00000)
  to   space 46080K, 0% used [0x00000000fd300000,0x00000000fd300000,0x0000000100000000)
 ParOldGen       total 163328K, used 140753K [0x00000000a0000000, 0x00000000a9f80000, 0x00000000e0000000)
  object space 163328K, 86% used [0x00000000a0000000,0x00000000a8974760,0x00000000a9f80000)
 Metaspace       used 66185K, capacity 67850K, committed 69680K, reserved 1110016K
  class space    used 8472K, capacity 8800K, committed 9264K, reserved 1048576K
Event: 3387.392 GC heap after
Heap after GC invocations=26 (full 5):
 PSYoungGen      total 471040K, used 0K [0x00000000e0000000, 0x0000000100000000, 0x0000000100000000)
  eden space 425472K, 0% used [0x00000000e0000000,0x00000000e0000000,0x00000000f9f80000)
  from space 45568K, 0% used [0x00000000f9f80000,0x00000000f9f80000,0x00000000fcc00000)
  to   space 46080K, 0% used [0x00000000fd300000,0x00000000fd300000,0x0000000100000000)
 ParOldGen       total 163328K, used 31718K [0x00000000a0000000, 0x00000000a9f80000, 0x00000000e0000000)
  object space 163328K, 19% used [0x00000000a0000000,0x00000000a1ef9bd8,0x00000000a9f80000)
 Metaspace       used 66135K, capacity 67694K, committed 69680K, reserved 1110016K
  class space    used 8458K, capacity 8774K, committed 9264K, reserved 1048576K
}

